c:\users\roni\downloads\tunnels (1)\first\first\debug\vc141.pdb
c:\users\roni\downloads\tunnels (1)\first\first\debug\vc141.idb
c:\users\roni\downloads\tunnels (1)\first\first\debug\room.obj
c:\users\roni\downloads\tunnels (1)\first\first\debug\road.obj
c:\users\roni\downloads\tunnels (1)\first\first\debug\point2d.obj
c:\users\roni\downloads\tunnels (1)\first\first\debug\parent.obj
c:\users\roni\downloads\tunnels (1)\first\first\debug\node.obj
c:\users\roni\downloads\tunnels (1)\first\first\debug\main.obj
c:\users\roni\downloads\tunnels (1)\first\first\debug\comparenodes.obj
c:\users\roni\downloads\tunnels (1)\first\first\debug\compareexits.obj
c:\users\roni\downloads\tunnels (1)\first\first\debug\character.obj
c:\users\roni\downloads\tunnels (1)\first\first\debug\newnode.obj
c:\users\roni\downloads\tunnels (1)\first\first\debug\comparenewnodes.obj
c:\users\roni\downloads\tunnels (1)\first\debug\first.exe
c:\users\roni\downloads\tunnels (1)\first\debug\first.ilk
c:\users\roni\downloads\tunnels (1)\first\debug\first.pdb
c:\users\roni\downloads\tunnels (1)\first\first\debug\main.obj.enc
c:\users\roni\downloads\tunnels (1)\first\first\debug\first.tlog\cl.command.1.tlog
c:\users\roni\downloads\tunnels (1)\first\first\debug\first.tlog\cl.read.1.tlog
c:\users\roni\downloads\tunnels (1)\first\first\debug\first.tlog\cl.write.1.tlog
c:\users\roni\downloads\tunnels (1)\first\first\debug\first.tlog\link.command.1.tlog
c:\users\roni\downloads\tunnels (1)\first\first\debug\first.tlog\link.read.1.tlog
c:\users\roni\downloads\tunnels (1)\first\first\debug\first.tlog\link.write.1.tlog
